[2017-03-19T17:04:52,420][INFO ][o.e.n.Node               ] [] initializing ...
[2017-03-19T17:04:53,786][INFO ][o.e.e.NodeEnvironment    ] [OIHbYBc] using [1] data paths, mounts [[/ (/dev/disk1)]], net usable_space [280.4gb], net total_space [464.6gb], spins? [unknown], types [hfs]
[2017-03-19T17:04:53,787][INFO ][o.e.e.NodeEnvironment    ] [OIHbYBc] heap size [1.9gb], compressed ordinary object pointers [true]
[2017-03-19T17:04:54,827][INFO ][o.e.n.Node               ] node name [OIHbYBc] derived from node ID [OIHbYBcUTYugaFV1qHfzMA]; set [node.name] to override
[2017-03-19T17:04:54,953][INFO ][o.e.n.Node               ] version[5.2.1], pid[974], build[db0d481/2017-02-09T22:05:32.386Z], OS[Mac OS X/10.12.2/x86_64], JVM[Oracle Corporation/Java HotSpot(TM) 64-Bit Server VM/1.8.0_66/25.66-b17]
[2017-03-19T17:04:58,533][INFO ][o.e.p.PluginsService     ] [OIHbYBc] loaded module [aggs-matrix-stats]
[2017-03-19T17:04:58,534][INFO ][o.e.p.PluginsService     ] [OIHbYBc] loaded module [ingest-common]
[2017-03-19T17:04:58,534][INFO ][o.e.p.PluginsService     ] [OIHbYBc] loaded module [lang-expression]
[2017-03-19T17:04:58,534][INFO ][o.e.p.PluginsService     ] [OIHbYBc] loaded module [lang-groovy]
[2017-03-19T17:04:58,534][INFO ][o.e.p.PluginsService     ] [OIHbYBc] loaded module [lang-mustache]
[2017-03-19T17:04:58,534][INFO ][o.e.p.PluginsService     ] [OIHbYBc] loaded module [lang-painless]
[2017-03-19T17:04:58,535][INFO ][o.e.p.PluginsService     ] [OIHbYBc] loaded module [percolator]
[2017-03-19T17:04:58,535][INFO ][o.e.p.PluginsService     ] [OIHbYBc] loaded module [reindex]
[2017-03-19T17:04:58,535][INFO ][o.e.p.PluginsService     ] [OIHbYBc] loaded module [transport-netty3]
[2017-03-19T17:04:58,535][INFO ][o.e.p.PluginsService     ] [OIHbYBc] loaded module [transport-netty4]
[2017-03-19T17:04:58,536][INFO ][o.e.p.PluginsService     ] [OIHbYBc] no plugins loaded
[2017-03-19T17:05:06,083][INFO ][o.e.n.Node               ] initialized
[2017-03-19T17:05:06,090][INFO ][o.e.n.Node               ] [OIHbYBc] starting ...
[2017-03-19T17:05:12,157][INFO ][o.e.t.TransportService   ] [OIHbYBc] publish_address {127.0.0.1:9300}, bound_addresses {[fe80::1]:9300}, {[::1]:9300}, {127.0.0.1:9300}
[2017-03-19T17:05:15,443][INFO ][o.e.c.s.ClusterService   ] [OIHbYBc] new_master {OIHbYBc}{OIHbYBcUTYugaFV1qHfzMA}{nrYaasePTdKBFgTdpgtWNg}{127.0.0.1}{127.0.0.1:9300}, reason: zen-disco-elected-as-master ([0] nodes joined)
[2017-03-19T17:05:15,535][INFO ][o.e.h.HttpServer         ] [OIHbYBc] publish_address {192.168.1.102:9200}, bound_addresses {[::]:9200}
[2017-03-19T17:05:15,535][INFO ][o.e.n.Node               ] [OIHbYBc] started
[2017-03-19T17:05:16,349][INFO ][o.e.g.GatewayService     ] [OIHbYBc] recovered [8] indices into cluster_state
[2017-03-19T17:05:26,831][INFO ][o.e.c.r.a.AllocationService] [OIHbYBc] Cluster health status changed from [RED] to [YELLOW] (reason: [shards started [[footballdata][4]] ...]).
[2017-03-19T17:07:42,724][INFO ][o.e.m.j.JvmGcMonitorService] [OIHbYBc] [gc][156] overhead, spent [364ms] collecting in the last [1.3s]
[2017-03-19T19:32:29,997][INFO ][o.e.n.Node               ] [OIHbYBc] stopping ...
[2017-03-19T19:32:34,924][INFO ][o.e.n.Node               ] [OIHbYBc] stopped
[2017-03-19T19:32:34,925][INFO ][o.e.n.Node               ] [OIHbYBc] closing ...
[2017-03-19T19:32:34,940][INFO ][o.e.n.Node               ] [OIHbYBc] closed
