[2017-05-24T11:09:08,866][INFO ][o.e.n.Node               ] [] initializing ...
[2017-05-24T11:09:09,659][INFO ][o.e.e.NodeEnvironment    ] [OIHbYBc] using [1] data paths, mounts [[/ (/dev/disk1)]], net usable_space [276.7gb], net total_space [464.6gb], spins? [unknown], types [hfs]
[2017-05-24T11:09:09,660][INFO ][o.e.e.NodeEnvironment    ] [OIHbYBc] heap size [1.9gb], compressed ordinary object pointers [true]
[2017-05-24T11:09:10,297][INFO ][o.e.n.Node               ] node name [OIHbYBc] derived from node ID [OIHbYBcUTYugaFV1qHfzMA]; set [node.name] to override
[2017-05-24T11:09:10,360][INFO ][o.e.n.Node               ] version[5.2.1], pid[732], build[db0d481/2017-02-09T22:05:32.386Z], OS[Mac OS X/10.12.4/x86_64], JVM[Oracle Corporation/Java HotSpot(TM) 64-Bit Server VM/1.8.0_66/25.66-b17]
[2017-05-24T11:09:14,051][INFO ][o.e.p.PluginsService     ] [OIHbYBc] loaded module [aggs-matrix-stats]
[2017-05-24T11:09:14,052][INFO ][o.e.p.PluginsService     ] [OIHbYBc] loaded module [ingest-common]
[2017-05-24T11:09:14,052][INFO ][o.e.p.PluginsService     ] [OIHbYBc] loaded module [lang-expression]
[2017-05-24T11:09:14,052][INFO ][o.e.p.PluginsService     ] [OIHbYBc] loaded module [lang-groovy]
[2017-05-24T11:09:14,052][INFO ][o.e.p.PluginsService     ] [OIHbYBc] loaded module [lang-mustache]
[2017-05-24T11:09:14,052][INFO ][o.e.p.PluginsService     ] [OIHbYBc] loaded module [lang-painless]
[2017-05-24T11:09:14,052][INFO ][o.e.p.PluginsService     ] [OIHbYBc] loaded module [percolator]
[2017-05-24T11:09:14,053][INFO ][o.e.p.PluginsService     ] [OIHbYBc] loaded module [reindex]
[2017-05-24T11:09:14,053][INFO ][o.e.p.PluginsService     ] [OIHbYBc] loaded module [transport-netty3]
[2017-05-24T11:09:14,053][INFO ][o.e.p.PluginsService     ] [OIHbYBc] loaded module [transport-netty4]
[2017-05-24T11:09:14,054][INFO ][o.e.p.PluginsService     ] [OIHbYBc] no plugins loaded
[2017-05-24T11:09:28,795][INFO ][o.e.n.Node               ] initialized
[2017-05-24T11:09:28,804][INFO ][o.e.n.Node               ] [OIHbYBc] starting ...
[2017-05-24T11:09:35,872][INFO ][o.e.t.TransportService   ] [OIHbYBc] publish_address {127.0.0.1:9300}, bound_addresses {[fe80::1]:9300}, {[::1]:9300}, {127.0.0.1:9300}
[2017-05-24T11:09:39,362][INFO ][o.e.c.s.ClusterService   ] [OIHbYBc] new_master {OIHbYBc}{OIHbYBcUTYugaFV1qHfzMA}{cea2cw3bSKeCAAkgL-G1-w}{127.0.0.1}{127.0.0.1:9300}, reason: zen-disco-elected-as-master ([0] nodes joined)
[2017-05-24T11:09:39,652][INFO ][o.e.h.HttpServer         ] [OIHbYBc] publish_address {138.4.193.144:9200}, bound_addresses {[::]:9200}
[2017-05-24T11:09:39,652][INFO ][o.e.n.Node               ] [OIHbYBc] started
[2017-05-24T11:09:42,205][INFO ][o.e.g.GatewayService     ] [OIHbYBc] recovered [10] indices into cluster_state
[2017-05-24T11:10:14,352][INFO ][o.e.c.r.a.AllocationService] [OIHbYBc] Cluster health status changed from [RED] to [YELLOW] (reason: [shards started [[footballdata][0], [footballdata][3]] ...]).
[2017-05-24T13:30:42,449][INFO ][o.e.n.Node               ] [OIHbYBc] stopping ...
[2017-05-24T13:30:43,493][INFO ][o.e.n.Node               ] [OIHbYBc] stopped
[2017-05-24T13:30:43,494][INFO ][o.e.n.Node               ] [OIHbYBc] closing ...
[2017-05-24T13:30:43,548][INFO ][o.e.n.Node               ] [OIHbYBc] closed
