[2017-05-04T17:21:31,321][INFO ][o.e.n.Node               ] [] initializing ...
[2017-05-04T17:21:37,432][INFO ][o.e.e.NodeEnvironment    ] [OIHbYBc] using [1] data paths, mounts [[/ (/dev/disk1)]], net usable_space [287.6gb], net total_space [464.6gb], spins? [unknown], types [hfs]
[2017-05-04T17:21:37,432][INFO ][o.e.e.NodeEnvironment    ] [OIHbYBc] heap size [1.9gb], compressed ordinary object pointers [true]
[2017-05-04T17:21:59,860][INFO ][o.e.n.Node               ] node name [OIHbYBc] derived from node ID [OIHbYBcUTYugaFV1qHfzMA]; set [node.name] to override
[2017-05-04T17:22:00,077][INFO ][o.e.n.Node               ] version[5.2.1], pid[626], build[db0d481/2017-02-09T22:05:32.386Z], OS[Mac OS X/10.12.4/x86_64], JVM[Oracle Corporation/Java HotSpot(TM) 64-Bit Server VM/1.8.0_66/25.66-b17]
[2017-05-04T17:22:17,114][INFO ][o.e.p.PluginsService     ] [OIHbYBc] loaded module [aggs-matrix-stats]
[2017-05-04T17:22:17,154][INFO ][o.e.p.PluginsService     ] [OIHbYBc] loaded module [ingest-common]
[2017-05-04T17:22:17,155][INFO ][o.e.p.PluginsService     ] [OIHbYBc] loaded module [lang-expression]
[2017-05-04T17:22:17,155][INFO ][o.e.p.PluginsService     ] [OIHbYBc] loaded module [lang-groovy]
[2017-05-04T17:22:17,155][INFO ][o.e.p.PluginsService     ] [OIHbYBc] loaded module [lang-mustache]
[2017-05-04T17:22:17,156][INFO ][o.e.p.PluginsService     ] [OIHbYBc] loaded module [lang-painless]
[2017-05-04T17:22:17,156][INFO ][o.e.p.PluginsService     ] [OIHbYBc] loaded module [percolator]
[2017-05-04T17:22:17,156][INFO ][o.e.p.PluginsService     ] [OIHbYBc] loaded module [reindex]
[2017-05-04T17:22:17,156][INFO ][o.e.p.PluginsService     ] [OIHbYBc] loaded module [transport-netty3]
[2017-05-04T17:22:17,156][INFO ][o.e.p.PluginsService     ] [OIHbYBc] loaded module [transport-netty4]
[2017-05-04T17:22:17,157][INFO ][o.e.p.PluginsService     ] [OIHbYBc] no plugins loaded
[2017-05-04T17:23:18,462][INFO ][o.e.n.Node               ] initialized
[2017-05-04T17:23:18,503][INFO ][o.e.n.Node               ] [OIHbYBc] starting ...
[2017-05-04T17:23:27,101][INFO ][o.e.t.TransportService   ] [OIHbYBc] publish_address {127.0.0.1:9300}, bound_addresses {[fe80::1]:9300}, {[::1]:9300}, {127.0.0.1:9300}
[2017-05-04T17:23:30,797][INFO ][o.e.c.s.ClusterService   ] [OIHbYBc] new_master {OIHbYBc}{OIHbYBcUTYugaFV1qHfzMA}{gZvrwwhTQZeaWZVAls6ktg}{127.0.0.1}{127.0.0.1:9300}, reason: zen-disco-elected-as-master ([0] nodes joined)
[2017-05-04T17:23:31,189][INFO ][o.e.h.HttpServer         ] [OIHbYBc] publish_address {138.4.221.195:9200}, bound_addresses {[::]:9200}
[2017-05-04T17:23:31,189][INFO ][o.e.n.Node               ] [OIHbYBc] started
[2017-05-04T17:23:40,709][INFO ][o.e.g.GatewayService     ] [OIHbYBc] recovered [11] indices into cluster_state
[2017-05-04T17:24:04,765][INFO ][o.e.c.r.a.AllocationService] [OIHbYBc] Cluster health status changed from [RED] to [YELLOW] (reason: [shards started [[footballdata][2], [footballdata][3]] ...]).
[2017-05-04T17:24:42,914][INFO ][o.e.m.j.JvmGcMonitorService] [OIHbYBc] [gc][84] overhead, spent [296ms] collecting in the last [1s]
[2017-05-04T20:09:02,352][INFO ][o.e.n.Node               ] [OIHbYBc] stopping ...
[2017-05-04T20:09:05,744][INFO ][o.e.n.Node               ] [OIHbYBc] stopped
[2017-05-04T20:09:05,745][INFO ][o.e.n.Node               ] [OIHbYBc] closing ...
[2017-05-04T20:09:05,930][INFO ][o.e.n.Node               ] [OIHbYBc] closed
