[2017-06-15T12:53:48,566][INFO ][o.e.n.Node               ] [] initializing ...
[2017-06-15T12:53:49,244][INFO ][o.e.e.NodeEnvironment    ] [OIHbYBc] using [1] data paths, mounts [[/ (/dev/disk1)]], net usable_space [263.7gb], net total_space [464.6gb], spins? [unknown], types [hfs]
[2017-06-15T12:53:49,244][INFO ][o.e.e.NodeEnvironment    ] [OIHbYBc] heap size [1.9gb], compressed ordinary object pointers [true]
[2017-06-15T12:53:49,849][INFO ][o.e.n.Node               ] node name [OIHbYBc] derived from node ID [OIHbYBcUTYugaFV1qHfzMA]; set [node.name] to override
[2017-06-15T12:53:49,933][INFO ][o.e.n.Node               ] version[5.2.1], pid[1139], build[db0d481/2017-02-09T22:05:32.386Z], OS[Mac OS X/10.12.4/x86_64], JVM[Oracle Corporation/Java HotSpot(TM) 64-Bit Server VM/1.8.0_66/25.66-b17]
[2017-06-15T12:53:53,014][INFO ][o.e.p.PluginsService     ] [OIHbYBc] loaded module [aggs-matrix-stats]
[2017-06-15T12:53:53,014][INFO ][o.e.p.PluginsService     ] [OIHbYBc] loaded module [ingest-common]
[2017-06-15T12:53:53,014][INFO ][o.e.p.PluginsService     ] [OIHbYBc] loaded module [lang-expression]
[2017-06-15T12:53:53,014][INFO ][o.e.p.PluginsService     ] [OIHbYBc] loaded module [lang-groovy]
[2017-06-15T12:53:53,015][INFO ][o.e.p.PluginsService     ] [OIHbYBc] loaded module [lang-mustache]
[2017-06-15T12:53:53,015][INFO ][o.e.p.PluginsService     ] [OIHbYBc] loaded module [lang-painless]
[2017-06-15T12:53:53,015][INFO ][o.e.p.PluginsService     ] [OIHbYBc] loaded module [percolator]
[2017-06-15T12:53:53,015][INFO ][o.e.p.PluginsService     ] [OIHbYBc] loaded module [reindex]
[2017-06-15T12:53:53,015][INFO ][o.e.p.PluginsService     ] [OIHbYBc] loaded module [transport-netty3]
[2017-06-15T12:53:53,016][INFO ][o.e.p.PluginsService     ] [OIHbYBc] loaded module [transport-netty4]
[2017-06-15T12:53:53,017][INFO ][o.e.p.PluginsService     ] [OIHbYBc] no plugins loaded
[2017-06-15T12:54:02,258][INFO ][o.e.n.Node               ] initialized
[2017-06-15T12:54:02,258][INFO ][o.e.n.Node               ] [OIHbYBc] starting ...
[2017-06-15T12:54:07,967][INFO ][o.e.t.TransportService   ] [OIHbYBc] publish_address {127.0.0.1:9300}, bound_addresses {[fe80::1]:9300}, {[::1]:9300}, {127.0.0.1:9300}
[2017-06-15T12:54:11,235][INFO ][o.e.c.s.ClusterService   ] [OIHbYBc] new_master {OIHbYBc}{OIHbYBcUTYugaFV1qHfzMA}{1jQ3kh3uSEynWyVk28ZS3A}{127.0.0.1}{127.0.0.1:9300}, reason: zen-disco-elected-as-master ([0] nodes joined)
[2017-06-15T12:54:11,306][INFO ][o.e.h.HttpServer         ] [OIHbYBc] publish_address {192.168.1.101:9200}, bound_addresses {[::]:9200}
[2017-06-15T12:54:11,306][INFO ][o.e.n.Node               ] [OIHbYBc] started
[2017-06-15T12:54:13,266][INFO ][o.e.g.GatewayService     ] [OIHbYBc] recovered [10] indices into cluster_state
[2017-06-15T12:54:35,167][INFO ][o.e.c.r.a.AllocationService] [OIHbYBc] Cluster health status changed from [RED] to [YELLOW] (reason: [shards started [[footballdata][0]] ...]).
[2017-06-15T12:54:48,463][INFO ][o.e.m.j.JvmGcMonitorService] [OIHbYBc] [gc][46] overhead, spent [421ms] collecting in the last [1s]
[2017-06-15T12:57:56,825][INFO ][o.e.n.Node               ] [OIHbYBc] stopping ...
[2017-06-15T12:57:57,153][INFO ][o.e.n.Node               ] [OIHbYBc] stopped
[2017-06-15T12:57:57,154][INFO ][o.e.n.Node               ] [OIHbYBc] closing ...
[2017-06-15T12:57:57,171][INFO ][o.e.n.Node               ] [OIHbYBc] closed
