[2017-03-02T20:35:25,158][INFO ][o.e.n.Node               ] [] initializing ...
[2017-03-02T20:35:29,703][INFO ][o.e.e.NodeEnvironment    ] [OIHbYBc] using [1] data paths, mounts [[/ (/dev/disk1)]], net usable_space [287.3gb], net total_space [464.6gb], spins? [unknown], types [hfs]
[2017-03-02T20:35:29,704][INFO ][o.e.e.NodeEnvironment    ] [OIHbYBc] heap size [1.9gb], compressed ordinary object pointers [true]
[2017-03-02T20:35:40,084][INFO ][o.e.n.Node               ] node name [OIHbYBc] derived from node ID [OIHbYBcUTYugaFV1qHfzMA]; set [node.name] to override
[2017-03-02T20:35:40,382][INFO ][o.e.n.Node               ] version[5.2.1], pid[1782], build[db0d481/2017-02-09T22:05:32.386Z], OS[Mac OS X/10.12.2/x86_64], JVM[Oracle Corporation/Java HotSpot(TM) 64-Bit Server VM/1.8.0_66/25.66-b17]
[2017-03-02T20:35:47,732][INFO ][o.e.p.PluginsService     ] [OIHbYBc] loaded module [aggs-matrix-stats]
[2017-03-02T20:35:47,789][INFO ][o.e.p.PluginsService     ] [OIHbYBc] loaded module [ingest-common]
[2017-03-02T20:35:47,789][INFO ][o.e.p.PluginsService     ] [OIHbYBc] loaded module [lang-expression]
[2017-03-02T20:35:47,790][INFO ][o.e.p.PluginsService     ] [OIHbYBc] loaded module [lang-groovy]
[2017-03-02T20:35:47,790][INFO ][o.e.p.PluginsService     ] [OIHbYBc] loaded module [lang-mustache]
[2017-03-02T20:35:47,790][INFO ][o.e.p.PluginsService     ] [OIHbYBc] loaded module [lang-painless]
[2017-03-02T20:35:47,790][INFO ][o.e.p.PluginsService     ] [OIHbYBc] loaded module [percolator]
[2017-03-02T20:35:47,790][INFO ][o.e.p.PluginsService     ] [OIHbYBc] loaded module [reindex]
[2017-03-02T20:35:47,790][INFO ][o.e.p.PluginsService     ] [OIHbYBc] loaded module [transport-netty3]
[2017-03-02T20:35:47,791][INFO ][o.e.p.PluginsService     ] [OIHbYBc] loaded module [transport-netty4]
[2017-03-02T20:35:47,791][INFO ][o.e.p.PluginsService     ] [OIHbYBc] no plugins loaded
[2017-03-02T20:36:36,838][INFO ][o.e.n.Node               ] initialized
[2017-03-02T20:36:36,848][INFO ][o.e.n.Node               ] [OIHbYBc] starting ...
[2017-03-02T20:36:43,493][INFO ][o.e.t.TransportService   ] [OIHbYBc] publish_address {127.0.0.1:9300}, bound_addresses {[fe80::1]:9300}, {[::1]:9300}, {127.0.0.1:9300}
[2017-03-02T20:36:47,043][INFO ][o.e.c.s.ClusterService   ] [OIHbYBc] new_master {OIHbYBc}{OIHbYBcUTYugaFV1qHfzMA}{znPnp40mS0Ktas7nsuaTqQ}{127.0.0.1}{127.0.0.1:9300}, reason: zen-disco-elected-as-master ([0] nodes joined)
[2017-03-02T20:36:47,414][INFO ][o.e.h.HttpServer         ] [OIHbYBc] publish_address {192.168.1.103:9200}, bound_addresses {[::]:9200}
[2017-03-02T20:36:47,414][INFO ][o.e.n.Node               ] [OIHbYBc] started
[2017-03-02T20:36:52,117][INFO ][o.e.g.GatewayService     ] [OIHbYBc] recovered [8] indices into cluster_state
[2017-03-02T20:37:02,688][INFO ][o.e.c.r.a.AllocationService] [OIHbYBc] Cluster health status changed from [RED] to [YELLOW] (reason: [shards started [[footballdata][2], [footballdata][4], [footballdata][0]] ...]).
[2017-03-02T20:50:45,985][INFO ][o.e.m.j.JvmGcMonitorService] [OIHbYBc] [gc][846] overhead, spent [581ms] collecting in the last [1.5s]
[2017-03-02T21:35:32,482][INFO ][o.e.m.j.JvmGcMonitorService] [OIHbYBc] [gc][3525] overhead, spent [323ms] collecting in the last [1s]
[2017-03-02T22:05:35,921][INFO ][o.e.n.Node               ] [OIHbYBc] stopping ...
[2017-03-02T22:05:39,401][INFO ][o.e.n.Node               ] [OIHbYBc] stopped
[2017-03-02T22:05:39,402][INFO ][o.e.n.Node               ] [OIHbYBc] closing ...
[2017-03-02T22:05:39,546][INFO ][o.e.n.Node               ] [OIHbYBc] closed
