[2017-03-06T11:21:24,279][INFO ][o.e.n.Node               ] [] initializing ...
[2017-03-06T11:21:24,828][INFO ][o.e.e.NodeEnvironment    ] [OIHbYBc] using [1] data paths, mounts [[/ (/dev/disk1)]], net usable_space [287.2gb], net total_space [464.6gb], spins? [unknown], types [hfs]
[2017-03-06T11:21:24,829][INFO ][o.e.e.NodeEnvironment    ] [OIHbYBc] heap size [1.9gb], compressed ordinary object pointers [true]
[2017-03-06T11:21:25,213][INFO ][o.e.n.Node               ] node name [OIHbYBc] derived from node ID [OIHbYBcUTYugaFV1qHfzMA]; set [node.name] to override
[2017-03-06T11:21:25,273][INFO ][o.e.n.Node               ] version[5.2.1], pid[743], build[db0d481/2017-02-09T22:05:32.386Z], OS[Mac OS X/10.12.2/x86_64], JVM[Oracle Corporation/Java HotSpot(TM) 64-Bit Server VM/1.8.0_66/25.66-b17]
[2017-03-06T11:21:30,364][INFO ][o.e.p.PluginsService     ] [OIHbYBc] loaded module [aggs-matrix-stats]
[2017-03-06T11:21:30,371][INFO ][o.e.p.PluginsService     ] [OIHbYBc] loaded module [ingest-common]
[2017-03-06T11:21:30,372][INFO ][o.e.p.PluginsService     ] [OIHbYBc] loaded module [lang-expression]
[2017-03-06T11:21:30,372][INFO ][o.e.p.PluginsService     ] [OIHbYBc] loaded module [lang-groovy]
[2017-03-06T11:21:30,372][INFO ][o.e.p.PluginsService     ] [OIHbYBc] loaded module [lang-mustache]
[2017-03-06T11:21:30,372][INFO ][o.e.p.PluginsService     ] [OIHbYBc] loaded module [lang-painless]
[2017-03-06T11:21:30,372][INFO ][o.e.p.PluginsService     ] [OIHbYBc] loaded module [percolator]
[2017-03-06T11:21:30,373][INFO ][o.e.p.PluginsService     ] [OIHbYBc] loaded module [reindex]
[2017-03-06T11:21:30,373][INFO ][o.e.p.PluginsService     ] [OIHbYBc] loaded module [transport-netty3]
[2017-03-06T11:21:30,373][INFO ][o.e.p.PluginsService     ] [OIHbYBc] loaded module [transport-netty4]
[2017-03-06T11:21:30,374][INFO ][o.e.p.PluginsService     ] [OIHbYBc] no plugins loaded
[2017-03-06T11:21:53,622][INFO ][o.e.n.Node               ] initialized
[2017-03-06T11:21:53,651][INFO ][o.e.n.Node               ] [OIHbYBc] starting ...
[2017-03-06T11:22:01,884][INFO ][o.e.t.TransportService   ] [OIHbYBc] publish_address {127.0.0.1:9300}, bound_addresses {[fe80::1]:9300}, {[::1]:9300}, {127.0.0.1:9300}
[2017-03-06T11:22:05,754][INFO ][o.e.c.s.ClusterService   ] [OIHbYBc] new_master {OIHbYBc}{OIHbYBcUTYugaFV1qHfzMA}{ItypiXkDT3uU41C9GfVvGA}{127.0.0.1}{127.0.0.1:9300}, reason: zen-disco-elected-as-master ([0] nodes joined)
[2017-03-06T11:22:06,312][INFO ][o.e.h.HttpServer         ] [OIHbYBc] publish_address {138.4.239.173:9200}, bound_addresses {[::]:9200}
[2017-03-06T11:22:06,312][INFO ][o.e.n.Node               ] [OIHbYBc] started
[2017-03-06T11:22:16,754][INFO ][o.e.g.GatewayService     ] [OIHbYBc] recovered [8] indices into cluster_state
[2017-03-06T11:23:07,101][INFO ][o.e.c.r.a.AllocationService] [OIHbYBc] Cluster health status changed from [RED] to [YELLOW] (reason: [shards started [[footballdata][4], [footballdata][1]] ...]).
[2017-03-06T12:48:39,524][INFO ][o.e.n.Node               ] [OIHbYBc] stopping ...
[2017-03-06T12:48:40,511][INFO ][o.e.n.Node               ] [OIHbYBc] stopped
[2017-03-06T12:48:40,512][INFO ][o.e.n.Node               ] [OIHbYBc] closing ...
[2017-03-06T12:48:40,526][INFO ][o.e.n.Node               ] [OIHbYBc] closed
