[2017-06-20T13:28:41,667][INFO ][o.e.n.Node               ] [] initializing ...
[2017-06-20T13:28:45,211][INFO ][o.e.e.NodeEnvironment    ] [OIHbYBc] using [1] data paths, mounts [[/ (/dev/disk1)]], net usable_space [266.2gb], net total_space [464.6gb], spins? [unknown], types [hfs]
[2017-06-20T13:28:45,212][INFO ][o.e.e.NodeEnvironment    ] [OIHbYBc] heap size [1.9gb], compressed ordinary object pointers [true]
[2017-06-20T13:28:47,483][INFO ][o.e.n.Node               ] node name [OIHbYBc] derived from node ID [OIHbYBcUTYugaFV1qHfzMA]; set [node.name] to override
[2017-06-20T13:28:47,660][INFO ][o.e.n.Node               ] version[5.2.1], pid[997], build[db0d481/2017-02-09T22:05:32.386Z], OS[Mac OS X/10.12.5/x86_64], JVM[Oracle Corporation/Java HotSpot(TM) 64-Bit Server VM/1.8.0_66/25.66-b17]
[2017-06-20T13:28:53,589][INFO ][o.e.p.PluginsService     ] [OIHbYBc] loaded module [aggs-matrix-stats]
[2017-06-20T13:28:53,618][INFO ][o.e.p.PluginsService     ] [OIHbYBc] loaded module [ingest-common]
[2017-06-20T13:28:53,619][INFO ][o.e.p.PluginsService     ] [OIHbYBc] loaded module [lang-expression]
[2017-06-20T13:28:53,619][INFO ][o.e.p.PluginsService     ] [OIHbYBc] loaded module [lang-groovy]
[2017-06-20T13:28:53,619][INFO ][o.e.p.PluginsService     ] [OIHbYBc] loaded module [lang-mustache]
[2017-06-20T13:28:53,619][INFO ][o.e.p.PluginsService     ] [OIHbYBc] loaded module [lang-painless]
[2017-06-20T13:28:53,619][INFO ][o.e.p.PluginsService     ] [OIHbYBc] loaded module [percolator]
[2017-06-20T13:28:53,620][INFO ][o.e.p.PluginsService     ] [OIHbYBc] loaded module [reindex]
[2017-06-20T13:28:53,620][INFO ][o.e.p.PluginsService     ] [OIHbYBc] loaded module [transport-netty3]
[2017-06-20T13:28:53,620][INFO ][o.e.p.PluginsService     ] [OIHbYBc] loaded module [transport-netty4]
[2017-06-20T13:28:53,621][INFO ][o.e.p.PluginsService     ] [OIHbYBc] no plugins loaded
[2017-06-20T13:29:05,963][INFO ][o.e.n.Node               ] initialized
[2017-06-20T13:29:05,986][INFO ][o.e.n.Node               ] [OIHbYBc] starting ...
[2017-06-20T13:29:12,014][INFO ][o.e.t.TransportService   ] [OIHbYBc] publish_address {127.0.0.1:9300}, bound_addresses {[fe80::1]:9300}, {[::1]:9300}, {127.0.0.1:9300}
[2017-06-20T13:29:15,494][INFO ][o.e.c.s.ClusterService   ] [OIHbYBc] new_master {OIHbYBc}{OIHbYBcUTYugaFV1qHfzMA}{wc6Vb7ZFS-urMg3kOnbN4w}{127.0.0.1}{127.0.0.1:9300}, reason: zen-disco-elected-as-master ([0] nodes joined)
[2017-06-20T13:29:15,588][INFO ][o.e.h.HttpServer         ] [OIHbYBc] publish_address {192.168.1.101:9200}, bound_addresses {[::]:9200}
[2017-06-20T13:29:15,589][INFO ][o.e.n.Node               ] [OIHbYBc] started
[2017-06-20T13:29:16,809][INFO ][o.e.g.GatewayService     ] [OIHbYBc] recovered [10] indices into cluster_state
[2017-06-20T13:29:38,989][INFO ][o.e.c.r.a.AllocationService] [OIHbYBc] Cluster health status changed from [RED] to [YELLOW] (reason: [shards started [[footballdata][2]] ...]).
[2017-06-20T13:34:27,095][INFO ][o.e.m.j.JvmGcMonitorService] [OIHbYBc] [gc][320] overhead, spent [257ms] collecting in the last [1s]
[2017-06-20T14:43:16,033][INFO ][o.e.n.Node               ] [OIHbYBc] stopping ...
[2017-06-20T14:43:19,519][INFO ][o.e.n.Node               ] [OIHbYBc] stopped
[2017-06-20T14:43:19,520][INFO ][o.e.n.Node               ] [OIHbYBc] closing ...
[2017-06-20T14:43:19,546][INFO ][o.e.n.Node               ] [OIHbYBc] closed
